<?xml version="1.0" encoding="UTF-8"?>
<!-- Generated by org.testng.reporters.JUnitReportReporter -->
<testsuite hostname="DESKTOP-M1DRLA4" failures="0" tests="2" name="testcases.LoginPageTest" time="38.109" errors="0" timestamp="2024-03-19T22:59:08 IST" skipped="0">
  <testcase classname="testcases.LoginPageTest" name="verifyDashboardPageURL" time="27.837"/>
  <system-out/>
  <testcase classname="testcases.LoginPageTest" name="verifyForgetURLTest" time="10.272"/>
  <system-out/>
</testsuite> <!-- testcases.LoginPageTest -->
